<?xml version="1.0" encoding="UTF-8"?>
<!-- Generated by org.testng.reporters.JUnitXMLReporter -->
<testsuite ignored="2" hostname="DESKTOP-9LDDKV3" failures="0" tests="1" name="Default test" time="6.192" errors="0" timestamp="2025-11-20T00:55:51 IST">
  <testcase classname="com.test.automation.web_api_framework.JiraAPITest" name="getBug" time="6.133"/>
  <testcase classname="com.test.automation.web_api_framework.JiraAPITest" name="createBug" time="0.0">
    <ignored/>
  </testcase> <!-- createBug -->
  <testcase classname="com.test.automation.web_api_framework.JiraAPITest" name="createBugWithAttachment" time="0.0">
    <ignored/>
  </testcase> <!-- createBugWithAttachment -->
</testsuite> <!-- Default test -->
